0 info it worked if it ends with ok
1 verbose cli [ 'node', '/usr/local/bin/npm', 'install' ]
2 info using npm@2.5.1
3 info using node@v0.12.0
4 verbose config Skipping project config: /Users/kathleenmullins/.npmrc. (matches userconfig)
5 error install Couldn't read dependencies
6 verbose stack Error: ENOENT, open '/Users/kathleenmullins/package.json'
6 verbose stack     at Error (native)
7 verbose cwd /Users/kathleenmullins/Documents/Code/cfreshc-site/wp-content/themes/cfreshc
8 error Darwin 17.7.0
9 error argv "node" "/usr/local/bin/npm" "install"
10 error node v0.12.0
11 error npm  v2.5.1
12 error path /Users/kathleenmullins/package.json
13 error code ENOPACKAGEJSON
14 error errno -2
15 error package.json ENOENT, open '/Users/kathleenmullins/package.json'
15 error package.json This is most likely not a problem with npm itself.
15 error package.json npm can't find a package.json file in your current directory.
16 verbose exit [ -2, true ]
